# JRE version: OpenJDK Runtime Environment (17.0.9) (build 17.0.9+0--11185874)
# Java VM: OpenJDK 64-Bit Server VM (17.0.9+0--11185874, mixed mode, tiered, compressed oops, compressed class ptrs, g1 gc, windows-amd64)
GC Precious Log:
 CPUs: 4 total, 4 available
 Memory: 16325M
 Large Page Support: Disabled
 NUMA Support: Disabled
 Compressed Oops: Enabled (32-bit)
 Heap Region Size: 1M
 Heap Min Capacity: 8M
 Heap Initial Capacity: 256M
 Heap Max Capacity: 2G
 Pre-touch: Disabled
 Parallel Workers: 4
 Concurrent Workers: 1
 Concurrent Refinement Workers: 4
 Periodic GC: Disabled
Heap:
 garbage-first heap   total 266240K, used 158824K [0x0000000080000000, 0x0000000100000000)
  region size 1024K, 5 young (5120K), 5 survivors (5120K)
 Metaspace       used 137687K, committed 138496K, reserved 1179648K
  class space    used 18060K, committed 18432K, reserved 1048576K
GC Heap History (20 events):
Event: 7.796 GC heap after
{Heap after GC invocations=26 (full 0):
 garbage-first heap   total 259072K, used 79503K [0x0000000080000000, 0x0000000100000000)
  region size 1024K, 1 young (1024K), 1 survivors (1024K)
 Metaspace       used 78896K, committed 79616K, reserved 1179648K
  class space    used 11065K, committed 11392K, reserved 1048576K
}
Event: 8.395 GC heap before
{Heap before GC invocations=26 (full 0):
 garbage-first heap   total 259072K, used 231055K [0x0000000080000000, 0x0000000100000000)
  region size 1024K, 125 young (128000K), 1 survivors (1024K)
 Metaspace       used 83530K, committed 84224K, reserved 1179648K
  class space    used 11582K, committed 11904K, reserved 1048576K
}
Event: 8.416 GC heap after
{Heap after GC invocations=27 (full 0):
 garbage-first heap   total 262144K, used 116741K [0x0000000080000000, 0x0000000100000000)
  region size 1024K, 16 young (16384K), 16 survivors (16384K)
 Metaspace       used 83530K, committed 84224K, reserved 1179648K
  class space    used 11582K, committed 11904K, reserved 1048576K
}
Event: 8.983 GC heap before
{Heap before GC invocations=27 (full 0):
 garbage-first heap   total 262144K, used 192517K [0x0000000080000000, 0x0000000100000000)
  region size 1024K, 90 young (92160K), 16 survivors (16384K)
 Metaspace       used 92018K, committed 92672K, reserved 1179648K
  class space    used 12450K, committed 12736K, reserved 1048576K
}
Event: 8.995 GC heap after
{Heap after GC invocations=28 (full 0):
 garbage-first heap   total 262144K, used 123660K [0x0000000080000000, 0x0000000100000000)
  region size 1024K, 6 young (6144K), 6 survivors (6144K)
 Metaspace       used 92018K, committed 92672K, reserved 1179648K
  class space    used 12450K, committed 12736K, reserved 1048576K
}
Event: 9.596 GC heap before
{Heap before GC invocations=28 (full 0):
 garbage-first heap   total 262144K, used 201484K [0x0000000080000000, 0x0000000100000000)
  region size 1024K, 81 young (82944K), 6 survivors (6144K)
 Metaspace       used 99896K, committed 100672K, reserved 1179648K
  class space    used 13427K, committed 13824K, reserved 1048576K
}
Event: 9.604 GC heap after
{Heap after GC invocations=29 (full 0):
 garbage-first heap   total 262144K, used 129292K [0x0000000080000000, 0x0000000100000000)
  region size 1024K, 11 young (11264K), 11 survivors (11264K)
 Metaspace       used 99896K, committed 100672K, reserved 1179648K
  class space    used 13427K, committed 13824K, reserved 1048576K
}
Event: 10.189 GC heap before
{Heap before GC invocations=29 (full 0):
 garbage-first heap   total 262144K, used 206092K [0x0000000080000000, 0x0000000100000000)
  region size 1024K, 86 young (88064K), 11 survivors (11264K)
 Metaspace       used 104738K, committed 105472K, reserved 1179648K
  class space    used 13965K, committed 14336K, reserved 1048576K
}
Event: 10.200 GC heap after
{Heap after GC invocations=30 (full 0):
 garbage-first heap   total 262144K, used 132629K [0x0000000080000000, 0x0000000100000000)
  region size 1024K, 6 young (6144K), 6 survivors (6144K)
 Metaspace       used 104738K, committed 105472K, reserved 1179648K
  class space    used 13965K, committed 14336K, reserved 1048576K
}
Event: 11.001 GC heap before
{Heap before GC invocations=30 (full 0):
 garbage-first heap   total 262144K, used 210453K [0x0000000080000000, 0x0000000100000000)
  region size 1024K, 82 young (83968K), 6 survivors (6144K)
 Metaspace       used 115295K, committed 116032K, reserved 1179648K
  class space    used 15125K, committed 15488K, reserved 1048576K
}
Event: 11.007 GC heap after
{Heap after GC invocations=31 (full 0):
 garbage-first heap   total 262144K, used 134039K [0x0000000080000000, 0x0000000100000000)
  region size 1024K, 8 young (8192K), 8 survivors (8192K)
 Metaspace       used 115295K, committed 116032K, reserved 1179648K
  class space    used 15125K, committed 15488K, reserved 1048576K
}
Event: 11.667 GC heap before
{Heap before GC invocations=31 (full 0):
 garbage-first heap   total 262144K, used 218007K [0x0000000080000000, 0x0000000100000000)
  region size 1024K, 85 young (87040K), 8 survivors (8192K)
 Metaspace       used 122503K, committed 123264K, reserved 1179648K
  class space    used 15984K, committed 16384K, reserved 1048576K
}
Event: 11.674 GC heap after
{Heap after GC invocations=32 (full 0):
 garbage-first heap   total 262144K, used 145159K [0x0000000080000000, 0x0000000100000000)
  region size 1024K, 10 young (10240K), 10 survivors (10240K)
 Metaspace       used 122503K, committed 123264K, reserved 1179648K
  class space    used 15984K, committed 16384K, reserved 1048576K
}
Event: 12.117 GC heap before
{Heap before GC invocations=32 (full 0):
 garbage-first heap   total 262144K, used 190215K [0x0000000080000000, 0x0000000100000000)
  region size 1024K, 55 young (56320K), 10 survivors (10240K)
 Metaspace       used 127063K, committed 127808K, reserved 1179648K
  class space    used 16569K, committed 16960K, reserved 1048576K
}
Event: 12.124 GC heap after
{Heap after GC invocations=33 (full 0):
 garbage-first heap   total 262144K, used 146878K [0x0000000080000000, 0x0000000100000000)
  region size 1024K, 2 young (2048K), 2 survivors (2048K)
 Metaspace       used 127063K, committed 127808K, reserved 1179648K
  class space    used 16569K, committed 16960K, reserved 1048576K
}
Event: 12.875 GC heap before
{Heap before GC invocations=34 (full 0):
 garbage-first heap   total 266240K, used 223678K [0x0000000080000000, 0x0000000100000000)
  region size 1024K, 71 young (72704K), 2 survivors (2048K)
 Metaspace       used 132034K, committed 132800K, reserved 1179648K
  class space    used 17253K, committed 17600K, reserved 1048576K
}
Event: 12.880 GC heap after
{Heap after GC invocations=35 (full 0):
 garbage-first heap   total 266240K, used 152378K [0x0000000080000000, 0x0000000100000000)
  region size 1024K, 8 young (8192K), 8 survivors (8192K)
 Metaspace       used 132034K, committed 132800K, reserved 1179648K
  class space    used 17253K, committed 17600K, reserved 1048576K
}
Event: 12.931 GC heap before
{Heap before GC invocations=35 (full 0):
 garbage-first heap   total 266240K, used 156474K [0x0000000080000000, 0x0000000100000000)
  region size 1024K, 13 young (13312K), 8 survivors (8192K)
 Metaspace       used 132377K, committed 133184K, reserved 1179648K
  class space    used 17295K, committed 17664K, reserved 1048576K
}
Event: 12.935 GC heap after
{Heap after GC invocations=36 (full 0):
 garbage-first heap   total 266240K, used 151423K [0x0000000080000000, 0x0000000100000000)
  region size 1024K, 1 young (1024K), 1 survivors (1024K)
 Metaspace       used 132377K, committed 133184K, reserved 1179648K
  class space    used 17295K, committed 17664K, reserved 1048576K
}
Event: 13.571 GC heap before
{Heap before GC invocations=36 (full 0):
 garbage-first heap   total 266240K, used 225151K [0x0000000080000000, 0x0000000100000000)
  region size 1024K, 69 young (70656K), 1 survivors (1024K)
 Metaspace       used 137687K, committed 138496K, reserved 1179648K
  class space    used 18060K, committed 18432K, reserved 1048576K
}

